c:\gamedev\year3\gameengine\cryographicengine\cryographicengine\release\cryographicengine.pdb
c:\gamedev\year3\gameengine\cryographicengine\cryographicengine\release\openglrenderer.obj
c:\gamedev\year3\gameengine\cryographicengine\cryographicengine\release\modelmanager.obj
c:\gamedev\year3\gameengine\cryographicengine\cryographicengine\release\model.obj
c:\gamedev\year3\gameengine\cryographicengine\cryographicengine\release\meshmanager.obj
c:\gamedev\year3\gameengine\cryographicengine\cryographicengine\release\mesh.obj
c:\gamedev\year3\gameengine\cryographicengine\cryographicengine\release\matrixstack.obj
c:\gamedev\year3\gameengine\cryographicengine\cryographicengine\release\materialmanager.obj
c:\gamedev\year3\gameengine\cryographicengine\cryographicengine\release\material.obj
c:\gamedev\year3\gameengine\cryographicengine\cryographicengine\release\logmanager.obj
c:\gamedev\year3\gameengine\cryographicengine\cryographicengine\release\light.obj
c:\gamedev\year3\gameengine\cryographicengine\cryographicengine\release\imagemanager.obj
c:\gamedev\year3\gameengine\cryographicengine\cryographicengine\release\image.obj
c:\gamedev\year3\gameengine\cryographicengine\cryographicengine\release\gameobject.obj
c:\gamedev\year3\gameengine\cryographicengine\cryographicengine\release\gameinterface.obj
c:\gamedev\year3\gameengine\cryographicengine\cryographicengine\release\gameengine.obj
c:\gamedev\year3\gameengine\cryographicengine\cryographicengine\release\frustum.obj
c:\gamedev\year3\gameengine\cryographicengine\cryographicengine\release\environmentmap.obj
c:\gamedev\year3\gameengine\cryographicengine\cryographicengine\release\cubemapcamera.obj
c:\gamedev\year3\gameengine\cryographicengine\cryographicengine\release\cubemap.obj
c:\gamedev\year3\gameengine\cryographicengine\cryographicengine\release\camera.obj
c:\gamedev\year3\gameengine\cryographicengine\cryographicengine\release\window.obj
c:\gamedev\year3\gameengine\cryographicengine\cryographicengine\release\boundingvolume.obj
c:\gamedev\year3\gameengine\cryographicengine\cryographicengine\release\vertex.obj
c:\gamedev\year3\gameengine\cryographicengine\cryographicengine\release\timer.obj
c:\gamedev\year3\gameengine\cryographicengine\cryographicengine\release\shadermanager.obj
c:\gamedev\year3\gameengine\cryographicengine\cryographicengine\release\shader.obj
c:\gamedev\year3\gameengine\cryographicengine\cryographicengine\release\scenenode.obj
c:\gamedev\year3\gameengine\cryographicengine\cryographicengine\release\scenegraph.obj
c:\gamedev\year3\gameengine\cryographicengine\cryographicengine\release\plane.obj
c:\gamedev\year3\gameengine\cryographicengine\cryographicengine\release\physicsengine.obj
c:\gamedev\year3\gameengine\cryographicengine\release\cryographicengine.lib
c:\gamedev\year3\gameengine\cryographicengine\cryographicengine\release\cryograp.cde652fd.tlog\cl.command.1.tlog
c:\gamedev\year3\gameengine\cryographicengine\cryographicengine\release\cryograp.cde652fd.tlog\cl.read.1.tlog
c:\gamedev\year3\gameengine\cryographicengine\cryographicengine\release\cryograp.cde652fd.tlog\cl.write.1.tlog
c:\gamedev\year3\gameengine\cryographicengine\cryographicengine\release\cryograp.cde652fd.tlog\lib-link.read.1.tlog
c:\gamedev\year3\gameengine\cryographicengine\cryographicengine\release\cryograp.cde652fd.tlog\lib-link.write.1.tlog
c:\gamedev\year3\gameengine\cryographicengine\cryographicengine\release\cryograp.cde652fd.tlog\lib.command.1.tlog
