  BoundingVolume.cpp
  Generating Code...
  Compiling...
  CubeMap.cpp
  Generating Code...
  Compiling...
  GameEngine.cpp
c:\gamedev\year3\gameengine\cryographicengine\cryographicengine\gameengine.cpp(237): warning C4244: 'initializing': conversion from 'double' to 'float', possible loss of data
  Generating Code...
  Skipping... (no relevant changes detected)
  SpotLight.cpp
  PointLight.cpp
  ModelManager.cpp
  Model.cpp
  MeshManager.cpp
  Mesh.cpp
  MaterialManager.cpp
  Material.cpp
  Frustum.cpp
  DirectionalLight.cpp
  SceneNode.cpp
  SceneGraph.cpp
  PhysicsEngine.cpp
  OpenGLRenderer.cpp
  LevelOfDetail.cpp
  GameObject.cpp
  GameInterface.cpp
SDL2_image.lib(SDL2_image.dll) : warning LNK4006: __NULL_IMPORT_DESCRIPTOR already defined in SDL2.lib(SDL2.dll); second definition ignored
SDL2_image.lib(SDL2_image.dll) : warning LNK4221: This object file does not define any previously undefined public symbols, so it will not be used by any link operation that consumes this library
opengl32.lib(OPENGL32.dll) : warning LNK4006: __NULL_IMPORT_DESCRIPTOR already defined in SDL2.lib(SDL2.dll); second definition ignored
opengl32.lib(OPENGL32.dll) : warning LNK4221: This object file does not define any previously undefined public symbols, so it will not be used by any link operation that consumes this library
glew32.lib(glew32.dll) : warning LNK4006: __NULL_IMPORT_DESCRIPTOR already defined in SDL2.lib(SDL2.dll); second definition ignored
glew32.lib(glew32.dll) : warning LNK4221: This object file does not define any previously undefined public symbols, so it will not be used by any link operation that consumes this library
assimp-vc140-mt.lib(assimp-vc140-mt.dll) : warning LNK4006: __NULL_IMPORT_DESCRIPTOR already defined in SDL2.lib(SDL2.dll); second definition ignored
assimp-vc140-mt.lib(assimp-vc140-mt.dll) : warning LNK4221: This object file does not define any previously undefined public symbols, so it will not be used by any link operation that consumes this library
Model.obj : warning LNK4006: "public: enum aiReturn __thiscall aiMaterial::GetTexture(enum aiTextureType,unsigned int,struct aiString *,enum aiTextureMapping *,unsigned int *,float *,enum aiTextureOp *,enum aiTextureMapMode *)const " (?GetTexture@aiMaterial@@QBE?AW4aiReturn@@W4aiTextureType@@IPAUaiString@@PAW4aiTextureMapping@@PAIPAMPAW4aiTextureOp@@PAW4aiTextureMapMode@@@Z) already defined in assimp-vc140-mt.lib(assimp-vc140-mt.dll); second definition ignored
Model.obj : warning LNK4006: "public: unsigned int __thiscall aiMaterial::GetTextureCount(enum aiTextureType)const " (?GetTextureCount@aiMaterial@@QBEIW4aiTextureType@@@Z) already defined in assimp-vc140-mt.lib(assimp-vc140-mt.dll); second definition ignored
Model.obj : warning LNK4006: "public: struct aiScene const * __thiscall Assimp::Importer::ReadFile(class std::basic_string<char,struct std::char_traits<char>,class std::allocator<char> > const &,unsigned int)" (?ReadFile@Importer@Assimp@@QAEPBUaiScene@@ABV?$basic_string@DU?$char_traits@D@std@@V?$allocator@D@2@@std@@I@Z) already defined in assimp-vc140-mt.lib(assimp-vc140-mt.dll); second definition ignored
  CryographicEngine.vcxproj -> C:\GameDev\Year3\GameEngine\CryographicEngine\Debug\CryographicEngine.lib
