c:\gamedev\year3\gameengine\cryographicengine\cryographicengine\debug\cryographicengine.pdb
c:\gamedev\year3\gameengine\cryographicengine\cryographicengine\debug\cryographicengine.idb
c:\gamedev\year3\gameengine\cryographicengine\cryographicengine\debug\light.obj
c:\gamedev\year3\gameengine\cryographicengine\cryographicengine\debug\logmanager.obj
c:\gamedev\year3\gameengine\cryographicengine\cryographicengine\debug\material.obj
c:\gamedev\year3\gameengine\cryographicengine\cryographicengine\debug\materialmanager.obj
c:\gamedev\year3\gameengine\cryographicengine\cryographicengine\debug\matrixstack.obj
c:\gamedev\year3\gameengine\cryographicengine\cryographicengine\debug\mesh.obj
c:\gamedev\year3\gameengine\cryographicengine\cryographicengine\debug\meshmanager.obj
c:\gamedev\year3\gameengine\cryographicengine\cryographicengine\debug\model.obj
c:\gamedev\year3\gameengine\cryographicengine\cryographicengine\debug\modelmanager.obj
c:\gamedev\year3\gameengine\cryographicengine\cryographicengine\debug\openglrenderer.obj
c:\gamedev\year3\gameengine\cryographicengine\cryographicengine\debug\physicsengine.obj
c:\gamedev\year3\gameengine\cryographicengine\cryographicengine\debug\plane.obj
c:\gamedev\year3\gameengine\cryographicengine\cryographicengine\debug\scenegraph.obj
c:\gamedev\year3\gameengine\cryographicengine\cryographicengine\debug\scenenode.obj
c:\gamedev\year3\gameengine\cryographicengine\cryographicengine\debug\shader.obj
c:\gamedev\year3\gameengine\cryographicengine\cryographicengine\debug\shadermanager.obj
c:\gamedev\year3\gameengine\cryographicengine\cryographicengine\debug\timer.obj
c:\gamedev\year3\gameengine\cryographicengine\cryographicengine\debug\vertex.obj
c:\gamedev\year3\gameengine\cryographicengine\cryographicengine\debug\boundingvolume.obj
c:\gamedev\year3\gameengine\cryographicengine\cryographicengine\debug\window.obj
c:\gamedev\year3\gameengine\cryographicengine\cryographicengine\debug\camera.obj
c:\gamedev\year3\gameengine\cryographicengine\cryographicengine\debug\cubemap.obj
c:\gamedev\year3\gameengine\cryographicengine\cryographicengine\debug\frustum.obj
c:\gamedev\year3\gameengine\cryographicengine\cryographicengine\debug\gameengine.obj
c:\gamedev\year3\gameengine\cryographicengine\cryographicengine\debug\gameinterface.obj
c:\gamedev\year3\gameengine\cryographicengine\cryographicengine\debug\gameobject.obj
c:\gamedev\year3\gameengine\cryographicengine\cryographicengine\debug\image.obj
c:\gamedev\year3\gameengine\cryographicengine\cryographicengine\debug\imagemanager.obj
c:\gamedev\year3\gameengine\cryographicengine\cryographicengine\debug\environmentmap.obj
c:\gamedev\year3\gameengine\cryographicengine\cryographicengine\debug\cubemapcamera.obj
c:\gamedev\year3\gameengine\cryographicengine\debug\cryographicengine.lib
c:\gamedev\year3\gameengine\cryographicengine\debug\cryographicengine.pdb
c:\gamedev\year3\gameengine\cryographicengine\cryographicengine\debug\cryograp.cde652fd.tlog\cl.command.1.tlog
c:\gamedev\year3\gameengine\cryographicengine\cryographicengine\debug\cryograp.cde652fd.tlog\cl.read.1.tlog
c:\gamedev\year3\gameengine\cryographicengine\cryographicengine\debug\cryograp.cde652fd.tlog\cl.write.1.tlog
c:\gamedev\year3\gameengine\cryographicengine\cryographicengine\debug\cryograp.cde652fd.tlog\lib-link.read.1.tlog
c:\gamedev\year3\gameengine\cryographicengine\cryographicengine\debug\cryograp.cde652fd.tlog\lib-link.write.1.tlog
c:\gamedev\year3\gameengine\cryographicengine\cryographicengine\debug\cryograp.cde652fd.tlog\lib.command.1.tlog
